Gramática

    0 $accept: Calculadora $end

    1 $@1: %empty

    2 Calculadora: TKN_ID $@1 TKN_ASIGN Expresion TKN_PTOCOMA

    3 Expresion: TKN_NUM
    4          | Expresion TKN_MAS Expresion
    5          | Expresion TKN_MENOS Expresion
    6          | Expresion TKN_MULT Expresion
    7          | Expresion TKN_DIV Expresion
    8          | TKN_PAA Expresion TKN_PAC
    9          | TKN_COS TKN_PAA Expresion TKN_PAC
   10          | TKN_SEN TKN_PAA Expresion TKN_PAC


Terminales con las reglas donde aparecen

    $end (0) 0
    error (256)
    TKN_NUM <real> (258) 3
    TKN_ASIGN (259) 2
    TKN_PTOCOMA (260) 2
    TKN_MULT (261) 6
    TKN_DIV (262) 7
    TKN_MAS (263) 4
    TKN_MENOS (264) 5
    TKN_PAA (265) 8 9 10
    TKN_PAC (266) 8 9 10
    TKN_COS (267) 9
    TKN_SEN (268) 10
    TKN_ID <real> (269) 2


No terminales con las reglas donde aparecen

    $accept (15)
        on left: 0
    Calculadora (16)
        on left: 2
        on right: 0
    $@1 (17)
        on left: 1
        on right: 2
    Expresion <real> (18)
        on left: 3 4 5 6 7 8 9 10
        on right: 2 4 5 6 7 8 9 10


Estado 0

    0 $accept: . Calculadora $end

    TKN_ID  desplazar e ir al estado 1

    Calculadora  ir al estado 2


Estado 1

    2 Calculadora: TKN_ID . $@1 TKN_ASIGN Expresion TKN_PTOCOMA

    $default  reduce usando la regla 1 ($@1)

    $@1  ir al estado 3


Estado 2

    0 $accept: Calculadora . $end

    $end  desplazar e ir al estado 4


Estado 3

    2 Calculadora: TKN_ID $@1 . TKN_ASIGN Expresion TKN_PTOCOMA

    TKN_ASIGN  desplazar e ir al estado 5


Estado 4

    0 $accept: Calculadora $end .

    $default  aceptar


Estado 5

    2 Calculadora: TKN_ID $@1 TKN_ASIGN . Expresion TKN_PTOCOMA

    TKN_NUM  desplazar e ir al estado 6
    TKN_PAA  desplazar e ir al estado 7
    TKN_COS  desplazar e ir al estado 8
    TKN_SEN  desplazar e ir al estado 9

    Expresion  ir al estado 10


Estado 6

    3 Expresion: TKN_NUM .

    $default  reduce usando la regla 3 (Expresion)


Estado 7

    8 Expresion: TKN_PAA . Expresion TKN_PAC

    TKN_NUM  desplazar e ir al estado 6
    TKN_PAA  desplazar e ir al estado 7
    TKN_COS  desplazar e ir al estado 8
    TKN_SEN  desplazar e ir al estado 9

    Expresion  ir al estado 11


Estado 8

    9 Expresion: TKN_COS . TKN_PAA Expresion TKN_PAC

    TKN_PAA  desplazar e ir al estado 12


Estado 9

   10 Expresion: TKN_SEN . TKN_PAA Expresion TKN_PAC

    TKN_PAA  desplazar e ir al estado 13


Estado 10

    2 Calculadora: TKN_ID $@1 TKN_ASIGN Expresion . TKN_PTOCOMA
    4 Expresion: Expresion . TKN_MAS Expresion
    5          | Expresion . TKN_MENOS Expresion
    6          | Expresion . TKN_MULT Expresion
    7          | Expresion . TKN_DIV Expresion

    TKN_PTOCOMA  desplazar e ir al estado 14
    TKN_MULT     desplazar e ir al estado 15
    TKN_DIV      desplazar e ir al estado 16
    TKN_MAS      desplazar e ir al estado 17
    TKN_MENOS    desplazar e ir al estado 18


Estado 11

    4 Expresion: Expresion . TKN_MAS Expresion
    5          | Expresion . TKN_MENOS Expresion
    6          | Expresion . TKN_MULT Expresion
    7          | Expresion . TKN_DIV Expresion
    8          | TKN_PAA Expresion . TKN_PAC

    TKN_MULT   desplazar e ir al estado 15
    TKN_DIV    desplazar e ir al estado 16
    TKN_MAS    desplazar e ir al estado 17
    TKN_MENOS  desplazar e ir al estado 18
    TKN_PAC    desplazar e ir al estado 19


Estado 12

    9 Expresion: TKN_COS TKN_PAA . Expresion TKN_PAC

    TKN_NUM  desplazar e ir al estado 6
    TKN_PAA  desplazar e ir al estado 7
    TKN_COS  desplazar e ir al estado 8
    TKN_SEN  desplazar e ir al estado 9

    Expresion  ir al estado 20


Estado 13

   10 Expresion: TKN_SEN TKN_PAA . Expresion TKN_PAC

    TKN_NUM  desplazar e ir al estado 6
    TKN_PAA  desplazar e ir al estado 7
    TKN_COS  desplazar e ir al estado 8
    TKN_SEN  desplazar e ir al estado 9

    Expresion  ir al estado 21


Estado 14

    2 Calculadora: TKN_ID $@1 TKN_ASIGN Expresion TKN_PTOCOMA .

    $default  reduce usando la regla 2 (Calculadora)


Estado 15

    6 Expresion: Expresion TKN_MULT . Expresion

    TKN_NUM  desplazar e ir al estado 6
    TKN_PAA  desplazar e ir al estado 7
    TKN_COS  desplazar e ir al estado 8
    TKN_SEN  desplazar e ir al estado 9

    Expresion  ir al estado 22


Estado 16

    7 Expresion: Expresion TKN_DIV . Expresion

    TKN_NUM  desplazar e ir al estado 6
    TKN_PAA  desplazar e ir al estado 7
    TKN_COS  desplazar e ir al estado 8
    TKN_SEN  desplazar e ir al estado 9

    Expresion  ir al estado 23


Estado 17

    4 Expresion: Expresion TKN_MAS . Expresion

    TKN_NUM  desplazar e ir al estado 6
    TKN_PAA  desplazar e ir al estado 7
    TKN_COS  desplazar e ir al estado 8
    TKN_SEN  desplazar e ir al estado 9

    Expresion  ir al estado 24


Estado 18

    5 Expresion: Expresion TKN_MENOS . Expresion

    TKN_NUM  desplazar e ir al estado 6
    TKN_PAA  desplazar e ir al estado 7
    TKN_COS  desplazar e ir al estado 8
    TKN_SEN  desplazar e ir al estado 9

    Expresion  ir al estado 25


Estado 19

    8 Expresion: TKN_PAA Expresion TKN_PAC .

    $default  reduce usando la regla 8 (Expresion)


Estado 20

    4 Expresion: Expresion . TKN_MAS Expresion
    5          | Expresion . TKN_MENOS Expresion
    6          | Expresion . TKN_MULT Expresion
    7          | Expresion . TKN_DIV Expresion
    9          | TKN_COS TKN_PAA Expresion . TKN_PAC

    TKN_MULT   desplazar e ir al estado 15
    TKN_DIV    desplazar e ir al estado 16
    TKN_MAS    desplazar e ir al estado 17
    TKN_MENOS  desplazar e ir al estado 18
    TKN_PAC    desplazar e ir al estado 26


Estado 21

    4 Expresion: Expresion . TKN_MAS Expresion
    5          | Expresion . TKN_MENOS Expresion
    6          | Expresion . TKN_MULT Expresion
    7          | Expresion . TKN_DIV Expresion
   10          | TKN_SEN TKN_PAA Expresion . TKN_PAC

    TKN_MULT   desplazar e ir al estado 15
    TKN_DIV    desplazar e ir al estado 16
    TKN_MAS    desplazar e ir al estado 17
    TKN_MENOS  desplazar e ir al estado 18
    TKN_PAC    desplazar e ir al estado 27


Estado 22

    4 Expresion: Expresion . TKN_MAS Expresion
    5          | Expresion . TKN_MENOS Expresion
    6          | Expresion . TKN_MULT Expresion
    6          | Expresion TKN_MULT Expresion .
    7          | Expresion . TKN_DIV Expresion

    $default  reduce usando la regla 6 (Expresion)


Estado 23

    4 Expresion: Expresion . TKN_MAS Expresion
    5          | Expresion . TKN_MENOS Expresion
    6          | Expresion . TKN_MULT Expresion
    7          | Expresion . TKN_DIV Expresion
    7          | Expresion TKN_DIV Expresion .

    $default  reduce usando la regla 7 (Expresion)


Estado 24

    4 Expresion: Expresion . TKN_MAS Expresion
    4          | Expresion TKN_MAS Expresion .
    5          | Expresion . TKN_MENOS Expresion
    6          | Expresion . TKN_MULT Expresion
    7          | Expresion . TKN_DIV Expresion

    TKN_MULT  desplazar e ir al estado 15
    TKN_DIV   desplazar e ir al estado 16

    $default  reduce usando la regla 4 (Expresion)


Estado 25

    4 Expresion: Expresion . TKN_MAS Expresion
    5          | Expresion . TKN_MENOS Expresion
    5          | Expresion TKN_MENOS Expresion .
    6          | Expresion . TKN_MULT Expresion
    7          | Expresion . TKN_DIV Expresion

    TKN_MULT  desplazar e ir al estado 15
    TKN_DIV   desplazar e ir al estado 16

    $default  reduce usando la regla 5 (Expresion)


Estado 26

    9 Expresion: TKN_COS TKN_PAA Expresion TKN_PAC .

    $default  reduce usando la regla 9 (Expresion)


Estado 27

   10 Expresion: TKN_SEN TKN_PAA Expresion TKN_PAC .

    $default  reduce usando la regla 10 (Expresion)
