Grammar

    0 $accept: inicio $end

    1 inicio: NOMBRE '=' E
    2       | E

    3 E: E '+' E
    4  | E '-' E
    5  | E '*' E
    6  | E '/' E
    7  | E '~' E
    8  | TKN_COS TKN_PAA E TKN_PAC
    9  | TKN_SEN TKN_PAA E TKN_PAC
   10  | TKN_EXP '~' E
   11  | TKN_LN TKN_PAA E TKN_PAC
   12  | TKN_PAA E TKN_PAC
   13  | NUMERO


Terminals, with rules where they appear

    $end (0) 0
    '*' (42) 5
    '+' (43) 3
    '-' (45) 4
    '/' (47) 6
    '=' (61) 1
    '~' (126) 7 10
    error (256)
    NOMBRE (258) 1
    NUMERO <real> (259) 13
    TKN_PAA (260) 8 9 11 12
    TKN_PAC (261) 8 9 11 12
    TKN_COS (262) 8
    TKN_SEN (263) 9
    TKN_LN (264) 11
    TKN_EXP (265) 10


Nonterminals, with rules where they appear

    $accept (17)
        on left: 0
    inicio (18)
        on left: 1 2
        on right: 0
    E <real> (19)
        on left: 3 4 5 6 7 8 9 10 11 12 13
        on right: 1 2 3 4 5 6 7 8 9 10 11 12


State 0

    0 $accept: . inicio $end

    NOMBRE   shift, and go to state 1
    NUMERO   shift, and go to state 2
    TKN_PAA  shift, and go to state 3
    TKN_COS  shift, and go to state 4
    TKN_SEN  shift, and go to state 5
    TKN_LN   shift, and go to state 6
    TKN_EXP  shift, and go to state 7

    inicio  go to state 8
    E       go to state 9


State 1

    1 inicio: NOMBRE . '=' E

    '='  shift, and go to state 10


State 2

   13 E: NUMERO .

    $default  reduce using rule 13 (E)


State 3

   12 E: TKN_PAA . E TKN_PAC

    NUMERO   shift, and go to state 2
    TKN_PAA  shift, and go to state 3
    TKN_COS  shift, and go to state 4
    TKN_SEN  shift, and go to state 5
    TKN_LN   shift, and go to state 6
    TKN_EXP  shift, and go to state 7

    E  go to state 11


State 4

    8 E: TKN_COS . TKN_PAA E TKN_PAC

    TKN_PAA  shift, and go to state 12


State 5

    9 E: TKN_SEN . TKN_PAA E TKN_PAC

    TKN_PAA  shift, and go to state 13


State 6

   11 E: TKN_LN . TKN_PAA E TKN_PAC

    TKN_PAA  shift, and go to state 14


State 7

   10 E: TKN_EXP . '~' E

    '~'  shift, and go to state 15


State 8

    0 $accept: inicio . $end

    $end  shift, and go to state 16


State 9

    2 inicio: E .
    3 E: E . '+' E
    4  | E . '-' E
    5  | E . '*' E
    6  | E . '/' E
    7  | E . '~' E

    '+'  shift, and go to state 17
    '-'  shift, and go to state 18
    '*'  shift, and go to state 19
    '/'  shift, and go to state 20
    '~'  shift, and go to state 21

    $default  reduce using rule 2 (inicio)


State 10

    1 inicio: NOMBRE '=' . E

    NUMERO   shift, and go to state 2
    TKN_PAA  shift, and go to state 3
    TKN_COS  shift, and go to state 4
    TKN_SEN  shift, and go to state 5
    TKN_LN   shift, and go to state 6
    TKN_EXP  shift, and go to state 7

    E  go to state 22


State 11

    3 E: E . '+' E
    4  | E . '-' E
    5  | E . '*' E
    6  | E . '/' E
    7  | E . '~' E
   12  | TKN_PAA E . TKN_PAC

    TKN_PAC  shift, and go to state 23
    '+'      shift, and go to state 17
    '-'      shift, and go to state 18
    '*'      shift, and go to state 19
    '/'      shift, and go to state 20
    '~'      shift, and go to state 21


State 12

    8 E: TKN_COS TKN_PAA . E TKN_PAC

    NUMERO   shift, and go to state 2
    TKN_PAA  shift, and go to state 3
    TKN_COS  shift, and go to state 4
    TKN_SEN  shift, and go to state 5
    TKN_LN   shift, and go to state 6
    TKN_EXP  shift, and go to state 7

    E  go to state 24


State 13

    9 E: TKN_SEN TKN_PAA . E TKN_PAC

    NUMERO   shift, and go to state 2
    TKN_PAA  shift, and go to state 3
    TKN_COS  shift, and go to state 4
    TKN_SEN  shift, and go to state 5
    TKN_LN   shift, and go to state 6
    TKN_EXP  shift, and go to state 7

    E  go to state 25


State 14

   11 E: TKN_LN TKN_PAA . E TKN_PAC

    NUMERO   shift, and go to state 2
    TKN_PAA  shift, and go to state 3
    TKN_COS  shift, and go to state 4
    TKN_SEN  shift, and go to state 5
    TKN_LN   shift, and go to state 6
    TKN_EXP  shift, and go to state 7

    E  go to state 26


State 15

   10 E: TKN_EXP '~' . E

    NUMERO   shift, and go to state 2
    TKN_PAA  shift, and go to state 3
    TKN_COS  shift, and go to state 4
    TKN_SEN  shift, and go to state 5
    TKN_LN   shift, and go to state 6
    TKN_EXP  shift, and go to state 7

    E  go to state 27


State 16

    0 $accept: inicio $end .

    $default  accept


State 17

    3 E: E '+' . E

    NUMERO   shift, and go to state 2
    TKN_PAA  shift, and go to state 3
    TKN_COS  shift, and go to state 4
    TKN_SEN  shift, and go to state 5
    TKN_LN   shift, and go to state 6
    TKN_EXP  shift, and go to state 7

    E  go to state 28


State 18

    4 E: E '-' . E

    NUMERO   shift, and go to state 2
    TKN_PAA  shift, and go to state 3
    TKN_COS  shift, and go to state 4
    TKN_SEN  shift, and go to state 5
    TKN_LN   shift, and go to state 6
    TKN_EXP  shift, and go to state 7

    E  go to state 29


State 19

    5 E: E '*' . E

    NUMERO   shift, and go to state 2
    TKN_PAA  shift, and go to state 3
    TKN_COS  shift, and go to state 4
    TKN_SEN  shift, and go to state 5
    TKN_LN   shift, and go to state 6
    TKN_EXP  shift, and go to state 7

    E  go to state 30


State 20

    6 E: E '/' . E

    NUMERO   shift, and go to state 2
    TKN_PAA  shift, and go to state 3
    TKN_COS  shift, and go to state 4
    TKN_SEN  shift, and go to state 5
    TKN_LN   shift, and go to state 6
    TKN_EXP  shift, and go to state 7

    E  go to state 31


State 21

    7 E: E '~' . E

    NUMERO   shift, and go to state 2
    TKN_PAA  shift, and go to state 3
    TKN_COS  shift, and go to state 4
    TKN_SEN  shift, and go to state 5
    TKN_LN   shift, and go to state 6
    TKN_EXP  shift, and go to state 7

    E  go to state 32


State 22

    1 inicio: NOMBRE '=' E .
    3 E: E . '+' E
    4  | E . '-' E
    5  | E . '*' E
    6  | E . '/' E
    7  | E . '~' E

    '+'  shift, and go to state 17
    '-'  shift, and go to state 18
    '*'  shift, and go to state 19
    '/'  shift, and go to state 20
    '~'  shift, and go to state 21

    $default  reduce using rule 1 (inicio)


State 23

   12 E: TKN_PAA E TKN_PAC .

    $default  reduce using rule 12 (E)


State 24

    3 E: E . '+' E
    4  | E . '-' E
    5  | E . '*' E
    6  | E . '/' E
    7  | E . '~' E
    8  | TKN_COS TKN_PAA E . TKN_PAC

    TKN_PAC  shift, and go to state 33
    '+'      shift, and go to state 17
    '-'      shift, and go to state 18
    '*'      shift, and go to state 19
    '/'      shift, and go to state 20
    '~'      shift, and go to state 21


State 25

    3 E: E . '+' E
    4  | E . '-' E
    5  | E . '*' E
    6  | E . '/' E
    7  | E . '~' E
    9  | TKN_SEN TKN_PAA E . TKN_PAC

    TKN_PAC  shift, and go to state 34
    '+'      shift, and go to state 17
    '-'      shift, and go to state 18
    '*'      shift, and go to state 19
    '/'      shift, and go to state 20
    '~'      shift, and go to state 21


State 26

    3 E: E . '+' E
    4  | E . '-' E
    5  | E . '*' E
    6  | E . '/' E
    7  | E . '~' E
   11  | TKN_LN TKN_PAA E . TKN_PAC

    TKN_PAC  shift, and go to state 35
    '+'      shift, and go to state 17
    '-'      shift, and go to state 18
    '*'      shift, and go to state 19
    '/'      shift, and go to state 20
    '~'      shift, and go to state 21


State 27

    3 E: E . '+' E
    4  | E . '-' E
    5  | E . '*' E
    6  | E . '/' E
    7  | E . '~' E
   10  | TKN_EXP '~' E .

    '~'  shift, and go to state 21

    $default  reduce using rule 10 (E)


State 28

    3 E: E . '+' E
    3  | E '+' E .
    4  | E . '-' E
    5  | E . '*' E
    6  | E . '/' E
    7  | E . '~' E

    '*'  shift, and go to state 19
    '/'  shift, and go to state 20
    '~'  shift, and go to state 21

    $default  reduce using rule 3 (E)


State 29

    3 E: E . '+' E
    4  | E . '-' E
    4  | E '-' E .
    5  | E . '*' E
    6  | E . '/' E
    7  | E . '~' E

    '*'  shift, and go to state 19
    '/'  shift, and go to state 20
    '~'  shift, and go to state 21

    $default  reduce using rule 4 (E)


State 30

    3 E: E . '+' E
    4  | E . '-' E
    5  | E . '*' E
    5  | E '*' E .
    6  | E . '/' E
    7  | E . '~' E

    '~'  shift, and go to state 21

    $default  reduce using rule 5 (E)


State 31

    3 E: E . '+' E
    4  | E . '-' E
    5  | E . '*' E
    6  | E . '/' E
    6  | E '/' E .
    7  | E . '~' E

    '~'  shift, and go to state 21

    $default  reduce using rule 6 (E)


State 32

    3 E: E . '+' E
    4  | E . '-' E
    5  | E . '*' E
    6  | E . '/' E
    7  | E . '~' E
    7  | E '~' E .

    '~'  shift, and go to state 21

    $default  reduce using rule 7 (E)


State 33

    8 E: TKN_COS TKN_PAA E TKN_PAC .

    $default  reduce using rule 8 (E)


State 34

    9 E: TKN_SEN TKN_PAA E TKN_PAC .

    $default  reduce using rule 9 (E)


State 35

   11 E: TKN_LN TKN_PAA E TKN_PAC .

    $default  reduce using rule 11 (E)
