Terminals unused in grammar

    TKN_NUM_ROMANO
    TKN_ASIGNACION
    TKN_ID
    TKN_NOMBRE
    TKN_Potencia


State 30 conflicts: 5 shift/reduce
State 32 conflicts: 1 shift/reduce
State 33 conflicts: 1 shift/reduce
State 34 conflicts: 1 shift/reduce
State 35 conflicts: 1 shift/reduce
State 36 conflicts: 5 shift/reduce


Grammar

    0 $accept: Calculadora $end

    1 $@1: %empty

    2 Calculadora: Expresion $@1 TKN_PTOCOMA

    3 Expresion: TKN_NUM
    4          | Expresion TKN_MAS Expresion
    5          | Expresion TKN_MENOS Expresion
    6          | Expresion TKN_MULT Expresion
    7          | Expresion TKN_DIV Expresion
    8          | Expresion TKN_POTENCIA Expresion
    9          | TKN_EULER TKN_POTENCIA Expresion
   10          | TKN_PARENTESISA Expresion TKN_PARENTESISC
   11          | TKN_SQRT TKN_PARENTESISA Expresion TKN_PARENTESISC
   12          | TKN_CBRT TKN_PARENTESISA Expresion TKN_PARENTESISC
   13          | TKN_LN TKN_PARENTESISA Expresion TKN_PARENTESISC
   14          | TKN_COS TKN_PARENTESISA Expresion TKN_PARENTESISC
   15          | TKN_SEN TKN_PARENTESISA Expresion TKN_PARENTESISC


Terminals, with rules where they appear

    $end (0) 0
    error (256)
    TKN_NUM_ROMANO (258)
    TKN_NUM <real> (259) 3
    TKN_ASIGNACION (260)
    TKN_PTOCOMA (261) 2
    TKN_MULT (262) 6
    TKN_DIV (263) 7
    TKN_SQRT (264) 11
    TKN_CBRT (265) 12
    TKN_MAS (266) 4
    TKN_MENOS (267) 5
    TKN_PARENTESISA (268) 10 11 12 13 14 15
    TKN_PARENTESISC (269) 10 11 12 13 14 15
    TKN_COS (270) 14
    TKN_SEN (271) 15
    TKN_EULER (272) 9
    TKN_LN (273) 13
    TKN_POTENCIA (274) 8 9
    TKN_ID <real> (275)
    TKN_NOMBRE <real> (276)
    TKN_Potencia (277)


Nonterminals, with rules where they appear

    $accept (23)
        on left: 0
    Calculadora (24)
        on left: 2
        on right: 0
    $@1 (25)
        on left: 1
        on right: 2
    Expresion <real> (26)
        on left: 3 4 5 6 7 8 9 10 11 12 13 14 15
        on right: 2 4 5 6 7 8 9 10 11 12 13 14 15


State 0

    0 $accept: . Calculadora $end

    TKN_NUM          shift, and go to state 1
    TKN_SQRT         shift, and go to state 2
    TKN_CBRT         shift, and go to state 3
    TKN_PARENTESISA  shift, and go to state 4
    TKN_COS          shift, and go to state 5
    TKN_SEN          shift, and go to state 6
    TKN_EULER        shift, and go to state 7
    TKN_LN           shift, and go to state 8

    Calculadora  go to state 9
    Expresion    go to state 10


State 1

    3 Expresion: TKN_NUM .

    $default  reduce using rule 3 (Expresion)


State 2

   11 Expresion: TKN_SQRT . TKN_PARENTESISA Expresion TKN_PARENTESISC

    TKN_PARENTESISA  shift, and go to state 11


State 3

   12 Expresion: TKN_CBRT . TKN_PARENTESISA Expresion TKN_PARENTESISC

    TKN_PARENTESISA  shift, and go to state 12


State 4

   10 Expresion: TKN_PARENTESISA . Expresion TKN_PARENTESISC

    TKN_NUM          shift, and go to state 1
    TKN_SQRT         shift, and go to state 2
    TKN_CBRT         shift, and go to state 3
    TKN_PARENTESISA  shift, and go to state 4
    TKN_COS          shift, and go to state 5
    TKN_SEN          shift, and go to state 6
    TKN_EULER        shift, and go to state 7
    TKN_LN           shift, and go to state 8

    Expresion  go to state 13


State 5

   14 Expresion: TKN_COS . TKN_PARENTESISA Expresion TKN_PARENTESISC

    TKN_PARENTESISA  shift, and go to state 14


State 6

   15 Expresion: TKN_SEN . TKN_PARENTESISA Expresion TKN_PARENTESISC

    TKN_PARENTESISA  shift, and go to state 15


State 7

    9 Expresion: TKN_EULER . TKN_POTENCIA Expresion

    TKN_POTENCIA  shift, and go to state 16


State 8

   13 Expresion: TKN_LN . TKN_PARENTESISA Expresion TKN_PARENTESISC

    TKN_PARENTESISA  shift, and go to state 17


State 9

    0 $accept: Calculadora . $end

    $end  shift, and go to state 18


State 10

    2 Calculadora: Expresion . $@1 TKN_PTOCOMA
    4 Expresion: Expresion . TKN_MAS Expresion
    5          | Expresion . TKN_MENOS Expresion
    6          | Expresion . TKN_MULT Expresion
    7          | Expresion . TKN_DIV Expresion
    8          | Expresion . TKN_POTENCIA Expresion

    TKN_MULT      shift, and go to state 19
    TKN_DIV       shift, and go to state 20
    TKN_MAS       shift, and go to state 21
    TKN_MENOS     shift, and go to state 22
    TKN_POTENCIA  shift, and go to state 23

    $default  reduce using rule 1 ($@1)

    $@1  go to state 24


State 11

   11 Expresion: TKN_SQRT TKN_PARENTESISA . Expresion TKN_PARENTESISC

    TKN_NUM          shift, and go to state 1
    TKN_SQRT         shift, and go to state 2
    TKN_CBRT         shift, and go to state 3
    TKN_PARENTESISA  shift, and go to state 4
    TKN_COS          shift, and go to state 5
    TKN_SEN          shift, and go to state 6
    TKN_EULER        shift, and go to state 7
    TKN_LN           shift, and go to state 8

    Expresion  go to state 25


State 12

   12 Expresion: TKN_CBRT TKN_PARENTESISA . Expresion TKN_PARENTESISC

    TKN_NUM          shift, and go to state 1
    TKN_SQRT         shift, and go to state 2
    TKN_CBRT         shift, and go to state 3
    TKN_PARENTESISA  shift, and go to state 4
    TKN_COS          shift, and go to state 5
    TKN_SEN          shift, and go to state 6
    TKN_EULER        shift, and go to state 7
    TKN_LN           shift, and go to state 8

    Expresion  go to state 26


State 13

    4 Expresion: Expresion . TKN_MAS Expresion
    5          | Expresion . TKN_MENOS Expresion
    6          | Expresion . TKN_MULT Expresion
    7          | Expresion . TKN_DIV Expresion
    8          | Expresion . TKN_POTENCIA Expresion
   10          | TKN_PARENTESISA Expresion . TKN_PARENTESISC

    TKN_MULT         shift, and go to state 19
    TKN_DIV          shift, and go to state 20
    TKN_MAS          shift, and go to state 21
    TKN_MENOS        shift, and go to state 22
    TKN_PARENTESISC  shift, and go to state 27
    TKN_POTENCIA     shift, and go to state 23


State 14

   14 Expresion: TKN_COS TKN_PARENTESISA . Expresion TKN_PARENTESISC

    TKN_NUM          shift, and go to state 1
    TKN_SQRT         shift, and go to state 2
    TKN_CBRT         shift, and go to state 3
    TKN_PARENTESISA  shift, and go to state 4
    TKN_COS          shift, and go to state 5
    TKN_SEN          shift, and go to state 6
    TKN_EULER        shift, and go to state 7
    TKN_LN           shift, and go to state 8

    Expresion  go to state 28


State 15

   15 Expresion: TKN_SEN TKN_PARENTESISA . Expresion TKN_PARENTESISC

    TKN_NUM          shift, and go to state 1
    TKN_SQRT         shift, and go to state 2
    TKN_CBRT         shift, and go to state 3
    TKN_PARENTESISA  shift, and go to state 4
    TKN_COS          shift, and go to state 5
    TKN_SEN          shift, and go to state 6
    TKN_EULER        shift, and go to state 7
    TKN_LN           shift, and go to state 8

    Expresion  go to state 29


State 16

    9 Expresion: TKN_EULER TKN_POTENCIA . Expresion

    TKN_NUM          shift, and go to state 1
    TKN_SQRT         shift, and go to state 2
    TKN_CBRT         shift, and go to state 3
    TKN_PARENTESISA  shift, and go to state 4
    TKN_COS          shift, and go to state 5
    TKN_SEN          shift, and go to state 6
    TKN_EULER        shift, and go to state 7
    TKN_LN           shift, and go to state 8

    Expresion  go to state 30


State 17

   13 Expresion: TKN_LN TKN_PARENTESISA . Expresion TKN_PARENTESISC

    TKN_NUM          shift, and go to state 1
    TKN_SQRT         shift, and go to state 2
    TKN_CBRT         shift, and go to state 3
    TKN_PARENTESISA  shift, and go to state 4
    TKN_COS          shift, and go to state 5
    TKN_SEN          shift, and go to state 6
    TKN_EULER        shift, and go to state 7
    TKN_LN           shift, and go to state 8

    Expresion  go to state 31


State 18

    0 $accept: Calculadora $end .

    $default  accept


State 19

    6 Expresion: Expresion TKN_MULT . Expresion

    TKN_NUM          shift, and go to state 1
    TKN_SQRT         shift, and go to state 2
    TKN_CBRT         shift, and go to state 3
    TKN_PARENTESISA  shift, and go to state 4
    TKN_COS          shift, and go to state 5
    TKN_SEN          shift, and go to state 6
    TKN_EULER        shift, and go to state 7
    TKN_LN           shift, and go to state 8

    Expresion  go to state 32


State 20

    7 Expresion: Expresion TKN_DIV . Expresion

    TKN_NUM          shift, and go to state 1
    TKN_SQRT         shift, and go to state 2
    TKN_CBRT         shift, and go to state 3
    TKN_PARENTESISA  shift, and go to state 4
    TKN_COS          shift, and go to state 5
    TKN_SEN          shift, and go to state 6
    TKN_EULER        shift, and go to state 7
    TKN_LN           shift, and go to state 8

    Expresion  go to state 33


State 21

    4 Expresion: Expresion TKN_MAS . Expresion

    TKN_NUM          shift, and go to state 1
    TKN_SQRT         shift, and go to state 2
    TKN_CBRT         shift, and go to state 3
    TKN_PARENTESISA  shift, and go to state 4
    TKN_COS          shift, and go to state 5
    TKN_SEN          shift, and go to state 6
    TKN_EULER        shift, and go to state 7
    TKN_LN           shift, and go to state 8

    Expresion  go to state 34


State 22

    5 Expresion: Expresion TKN_MENOS . Expresion

    TKN_NUM          shift, and go to state 1
    TKN_SQRT         shift, and go to state 2
    TKN_CBRT         shift, and go to state 3
    TKN_PARENTESISA  shift, and go to state 4
    TKN_COS          shift, and go to state 5
    TKN_SEN          shift, and go to state 6
    TKN_EULER        shift, and go to state 7
    TKN_LN           shift, and go to state 8

    Expresion  go to state 35


State 23

    8 Expresion: Expresion TKN_POTENCIA . Expresion

    TKN_NUM          shift, and go to state 1
    TKN_SQRT         shift, and go to state 2
    TKN_CBRT         shift, and go to state 3
    TKN_PARENTESISA  shift, and go to state 4
    TKN_COS          shift, and go to state 5
    TKN_SEN          shift, and go to state 6
    TKN_EULER        shift, and go to state 7
    TKN_LN           shift, and go to state 8

    Expresion  go to state 36


State 24

    2 Calculadora: Expresion $@1 . TKN_PTOCOMA

    TKN_PTOCOMA  shift, and go to state 37


State 25

    4 Expresion: Expresion . TKN_MAS Expresion
    5          | Expresion . TKN_MENOS Expresion
    6          | Expresion . TKN_MULT Expresion
    7          | Expresion . TKN_DIV Expresion
    8          | Expresion . TKN_POTENCIA Expresion
   11          | TKN_SQRT TKN_PARENTESISA Expresion . TKN_PARENTESISC

    TKN_MULT         shift, and go to state 19
    TKN_DIV          shift, and go to state 20
    TKN_MAS          shift, and go to state 21
    TKN_MENOS        shift, and go to state 22
    TKN_PARENTESISC  shift, and go to state 38
    TKN_POTENCIA     shift, and go to state 23


State 26

    4 Expresion: Expresion . TKN_MAS Expresion
    5          | Expresion . TKN_MENOS Expresion
    6          | Expresion . TKN_MULT Expresion
    7          | Expresion . TKN_DIV Expresion
    8          | Expresion . TKN_POTENCIA Expresion
   12          | TKN_CBRT TKN_PARENTESISA Expresion . TKN_PARENTESISC

    TKN_MULT         shift, and go to state 19
    TKN_DIV          shift, and go to state 20
    TKN_MAS          shift, and go to state 21
    TKN_MENOS        shift, and go to state 22
    TKN_PARENTESISC  shift, and go to state 39
    TKN_POTENCIA     shift, and go to state 23


State 27

   10 Expresion: TKN_PARENTESISA Expresion TKN_PARENTESISC .

    $default  reduce using rule 10 (Expresion)


State 28

    4 Expresion: Expresion . TKN_MAS Expresion
    5          | Expresion . TKN_MENOS Expresion
    6          | Expresion . TKN_MULT Expresion
    7          | Expresion . TKN_DIV Expresion
    8          | Expresion . TKN_POTENCIA Expresion
   14          | TKN_COS TKN_PARENTESISA Expresion . TKN_PARENTESISC

    TKN_MULT         shift, and go to state 19
    TKN_DIV          shift, and go to state 20
    TKN_MAS          shift, and go to state 21
    TKN_MENOS        shift, and go to state 22
    TKN_PARENTESISC  shift, and go to state 40
    TKN_POTENCIA     shift, and go to state 23


State 29

    4 Expresion: Expresion . TKN_MAS Expresion
    5          | Expresion . TKN_MENOS Expresion
    6          | Expresion . TKN_MULT Expresion
    7          | Expresion . TKN_DIV Expresion
    8          | Expresion . TKN_POTENCIA Expresion
   15          | TKN_SEN TKN_PARENTESISA Expresion . TKN_PARENTESISC

    TKN_MULT         shift, and go to state 19
    TKN_DIV          shift, and go to state 20
    TKN_MAS          shift, and go to state 21
    TKN_MENOS        shift, and go to state 22
    TKN_PARENTESISC  shift, and go to state 41
    TKN_POTENCIA     shift, and go to state 23


State 30

    4 Expresion: Expresion . TKN_MAS Expresion
    5          | Expresion . TKN_MENOS Expresion
    6          | Expresion . TKN_MULT Expresion
    7          | Expresion . TKN_DIV Expresion
    8          | Expresion . TKN_POTENCIA Expresion
    9          | TKN_EULER TKN_POTENCIA Expresion .

    TKN_MULT      shift, and go to state 19
    TKN_DIV       shift, and go to state 20
    TKN_MAS       shift, and go to state 21
    TKN_MENOS     shift, and go to state 22
    TKN_POTENCIA  shift, and go to state 23

    TKN_MULT      [reduce using rule 9 (Expresion)]
    TKN_DIV       [reduce using rule 9 (Expresion)]
    TKN_MAS       [reduce using rule 9 (Expresion)]
    TKN_MENOS     [reduce using rule 9 (Expresion)]
    TKN_POTENCIA  [reduce using rule 9 (Expresion)]
    $default      reduce using rule 9 (Expresion)


State 31

    4 Expresion: Expresion . TKN_MAS Expresion
    5          | Expresion . TKN_MENOS Expresion
    6          | Expresion . TKN_MULT Expresion
    7          | Expresion . TKN_DIV Expresion
    8          | Expresion . TKN_POTENCIA Expresion
   13          | TKN_LN TKN_PARENTESISA Expresion . TKN_PARENTESISC

    TKN_MULT         shift, and go to state 19
    TKN_DIV          shift, and go to state 20
    TKN_MAS          shift, and go to state 21
    TKN_MENOS        shift, and go to state 22
    TKN_PARENTESISC  shift, and go to state 42
    TKN_POTENCIA     shift, and go to state 23


State 32

    4 Expresion: Expresion . TKN_MAS Expresion
    5          | Expresion . TKN_MENOS Expresion
    6          | Expresion . TKN_MULT Expresion
    6          | Expresion TKN_MULT Expresion .
    7          | Expresion . TKN_DIV Expresion
    8          | Expresion . TKN_POTENCIA Expresion

    TKN_POTENCIA  shift, and go to state 23

    TKN_POTENCIA  [reduce using rule 6 (Expresion)]
    $default      reduce using rule 6 (Expresion)


State 33

    4 Expresion: Expresion . TKN_MAS Expresion
    5          | Expresion . TKN_MENOS Expresion
    6          | Expresion . TKN_MULT Expresion
    7          | Expresion . TKN_DIV Expresion
    7          | Expresion TKN_DIV Expresion .
    8          | Expresion . TKN_POTENCIA Expresion

    TKN_POTENCIA  shift, and go to state 23

    TKN_POTENCIA  [reduce using rule 7 (Expresion)]
    $default      reduce using rule 7 (Expresion)


State 34

    4 Expresion: Expresion . TKN_MAS Expresion
    4          | Expresion TKN_MAS Expresion .
    5          | Expresion . TKN_MENOS Expresion
    6          | Expresion . TKN_MULT Expresion
    7          | Expresion . TKN_DIV Expresion
    8          | Expresion . TKN_POTENCIA Expresion

    TKN_MULT      shift, and go to state 19
    TKN_DIV       shift, and go to state 20
    TKN_POTENCIA  shift, and go to state 23

    TKN_POTENCIA  [reduce using rule 4 (Expresion)]
    $default      reduce using rule 4 (Expresion)


State 35

    4 Expresion: Expresion . TKN_MAS Expresion
    5          | Expresion . TKN_MENOS Expresion
    5          | Expresion TKN_MENOS Expresion .
    6          | Expresion . TKN_MULT Expresion
    7          | Expresion . TKN_DIV Expresion
    8          | Expresion . TKN_POTENCIA Expresion

    TKN_MULT      shift, and go to state 19
    TKN_DIV       shift, and go to state 20
    TKN_POTENCIA  shift, and go to state 23

    TKN_POTENCIA  [reduce using rule 5 (Expresion)]
    $default      reduce using rule 5 (Expresion)


State 36

    4 Expresion: Expresion . TKN_MAS Expresion
    5          | Expresion . TKN_MENOS Expresion
    6          | Expresion . TKN_MULT Expresion
    7          | Expresion . TKN_DIV Expresion
    8          | Expresion . TKN_POTENCIA Expresion
    8          | Expresion TKN_POTENCIA Expresion .

    TKN_MULT      shift, and go to state 19
    TKN_DIV       shift, and go to state 20
    TKN_MAS       shift, and go to state 21
    TKN_MENOS     shift, and go to state 22
    TKN_POTENCIA  shift, and go to state 23

    TKN_MULT      [reduce using rule 8 (Expresion)]
    TKN_DIV       [reduce using rule 8 (Expresion)]
    TKN_MAS       [reduce using rule 8 (Expresion)]
    TKN_MENOS     [reduce using rule 8 (Expresion)]
    TKN_POTENCIA  [reduce using rule 8 (Expresion)]
    $default      reduce using rule 8 (Expresion)


State 37

    2 Calculadora: Expresion $@1 TKN_PTOCOMA .

    $default  reduce using rule 2 (Calculadora)


State 38

   11 Expresion: TKN_SQRT TKN_PARENTESISA Expresion TKN_PARENTESISC .

    $default  reduce using rule 11 (Expresion)


State 39

   12 Expresion: TKN_CBRT TKN_PARENTESISA Expresion TKN_PARENTESISC .

    $default  reduce using rule 12 (Expresion)


State 40

   14 Expresion: TKN_COS TKN_PARENTESISA Expresion TKN_PARENTESISC .

    $default  reduce using rule 14 (Expresion)


State 41

   15 Expresion: TKN_SEN TKN_PARENTESISA Expresion TKN_PARENTESISC .

    $default  reduce using rule 15 (Expresion)


State 42

   13 Expresion: TKN_LN TKN_PARENTESISA Expresion TKN_PARENTESISC .

    $default  reduce using rule 13 (Expresion)
